<?xml version="1.0" encoding="UTF-8"?>
<robot generator="Robot 7.0.1 (Python 3.10.12 on linux)" generated="2024-11-26T13:14:01.096511" rpa="false" schemaversion="5">
<suite id="s1" name="Omni" source="/home/condabu/development/dashqa/testrunner/suites/Omni">
<suite id="s1-s1" name="Login" source="/home/condabu/development/dashqa/testrunner/suites/Omni/Login">
<suite id="s1-s1-s1" name="Login" source="/home/condabu/development/dashqa/testrunner/suites/Omni/Login/Login.robot">
<test id="s1-s1-s1-t1" name="Verify whether the Customer able to Login into Coop Bank application with valid Username and Password" line="8">
<kw name="Launch Application" owner="common_keywords">
<kw name="Open Browser" owner="SeleniumLibrary">
<msg time="2024-11-26T13:14:01.252801" level="INFO">Opening browser 'headlesschrome' to base url 'https://condabu.com'.</msg>
<msg time="2024-11-26T13:14:03.100110" level="INFO">Cannot capture screenshot because no browser is open.</msg>
<msg time="2024-11-26T13:14:03.100249" level="FAIL">NoSuchDriverException: Message: Unable to obtain driver for chrome using Selenium Manager.; For documentation on this error, please visit: https://www.selenium.dev/documentation/webdriver/troubleshooting/errors/driver_location
</msg>
<arg>${URL}</arg>
<arg>headlesschrome</arg>
<doc>Opens a new browser instance to the optional ``url``.</doc>
<status status="FAIL" start="2024-11-26T13:14:01.252139" elapsed="1.853058">NoSuchDriverException: Message: Unable to obtain driver for chrome using Selenium Manager.; For documentation on this error, please visit: https://www.selenium.dev/documentation/webdriver/troubleshooting/errors/driver_location
</status>
</kw>
<kw name="Maximize Browser Window" owner="SeleniumLibrary">
<doc>Maximizes current browser window.</doc>
<status status="NOT RUN" start="2024-11-26T13:14:03.105589" elapsed="0.000078"/>
</kw>
<kw name="Sleep" owner="BuiltIn">
<arg>30s</arg>
<doc>Pauses the test executed for the given time.</doc>
<status status="NOT RUN" start="2024-11-26T13:14:03.105853" elapsed="0.000050"/>
</kw>
<status status="FAIL" start="2024-11-26T13:14:01.250281" elapsed="1.855806">NoSuchDriverException: Message: Unable to obtain driver for chrome using Selenium Manager.; For documentation on this error, please visit: https://www.selenium.dev/documentation/webdriver/troubleshooting/errors/driver_location
</status>
</kw>
<kw name="Page Should Contain" owner="SeleniumLibrary">
<arg>condabu</arg>
<doc>Verifies that current page contains ``text``.</doc>
<status status="NOT RUN" start="2024-11-26T13:14:03.106343" elapsed="0.000055"/>
</kw>
<doc>This test case verifies that a user can log in with valid credentials.</doc>
<tag>Login</tag>
<tag>Smoke</tag>
<status status="FAIL" start="2024-11-26T13:14:01.237531" elapsed="1.869169">NoSuchDriverException: Message: Unable to obtain driver for chrome using Selenium Manager.; For documentation on this error, please visit: https://www.selenium.dev/documentation/webdriver/troubleshooting/errors/driver_location
</status>
</test>
<status status="FAIL" start="2024-11-26T13:14:01.118815" elapsed="2.000244"/>
</suite>
<status status="FAIL" start="2024-11-26T13:14:01.117637" elapsed="2.002563"/>
</suite>
<suite id="s1-s2" name="PesaLink" source="/home/condabu/development/dashqa/testrunner/suites/Omni/PesaLink">
<suite id="s1-s2-s1" name="PesalinkToMobile" source="/home/condabu/development/dashqa/testrunner/suites/Omni/PesaLink/PesalinkToMobile.robot">
<test id="s1-s2-s1-t1" name="Customer can use pesalini whether the Customer Coop Bank application with valid Username and Password" line="8">
<kw name="Launch Application" owner="common_keywords">
<kw name="Open Browser" owner="SeleniumLibrary">
<arg>${URL}</arg>
<arg>headlesschrome</arg>
<doc>Opens a new browser instance to the optional ``url``.</doc>
<status status="FAIL" start="2024-11-26T13:14:03.140322" elapsed="0.000307">Execution terminated by signal</status>
</kw>
<kw name="Maximize Browser Window" owner="SeleniumLibrary">
<doc>Maximizes current browser window.</doc>
<status status="NOT RUN" start="2024-11-26T13:14:03.140841" elapsed="0.000048"/>
</kw>
<kw name="Sleep" owner="BuiltIn">
<arg>30s</arg>
<doc>Pauses the test executed for the given time.</doc>
<status status="NOT RUN" start="2024-11-26T13:14:03.141033" elapsed="0.000042"/>
</kw>
<status status="FAIL" start="2024-11-26T13:14:03.139819" elapsed="0.001388">Execution terminated by signal</status>
</kw>
<kw name="Enter Username" owner="login_keyword">
<arg>CIRUNGU</arg>
<status status="NOT RUN" start="2024-11-26T13:14:03.141479" elapsed="0.000055"/>
</kw>
<kw name="Enter Password" owner="login_keyword">
<arg>1234</arg>
<status status="NOT RUN" start="2024-11-26T13:14:03.141759" elapsed="0.000048"/>
</kw>
<kw name="Click Login Button" owner="login_keyword">
<status status="NOT RUN" start="2024-11-26T13:14:03.142039" elapsed="0.000080"/>
</kw>
<kw name="Page Should Contain" owner="SeleniumLibrary">
<arg>OTP Verification</arg>
<doc>Verifies that current page contains ``text``.</doc>
<status status="NOT RUN" start="2024-11-26T13:14:03.142333" elapsed="0.000046"/>
</kw>
<doc>This test case verifies that a user can log in with valid credentials.</doc>
<tag>regression</tag>
<status status="FAIL" start="2024-11-26T13:14:03.128382" elapsed="0.014240">Execution terminated by signal</status>
</test>
<status status="FAIL" start="2024-11-26T13:14:03.124061" elapsed="0.028120"/>
</suite>
<status status="FAIL" start="2024-11-26T13:14:03.121267" elapsed="0.032440"/>
</suite>
<status status="FAIL" start="2024-11-26T13:14:01.097519" elapsed="2.057175"/>
</suite>
<statistics>
<total>
<stat pass="0" fail="2" skip="0">All Tests</stat>
</total>
<tag>
<stat pass="0" fail="1" skip="0">Login</stat>
<stat pass="0" fail="1" skip="0">regression</stat>
<stat pass="0" fail="1" skip="0">Smoke</stat>
</tag>
<suite>
<stat pass="0" fail="2" skip="0" id="s1" name="Omni">Omni</stat>
<stat pass="0" fail="1" skip="0" id="s1-s1" name="Login">Omni.Login</stat>
<stat pass="0" fail="1" skip="0" id="s1-s1-s1" name="Login">Omni.Login.Login</stat>
<stat pass="0" fail="1" skip="0" id="s1-s2" name="PesaLink">Omni.PesaLink</stat>
<stat pass="0" fail="1" skip="0" id="s1-s2-s1" name="PesalinkToMobile">Omni.PesaLink.PesalinkToMobile</stat>
</suite>
</statistics>
<errors>
</errors>
</robot>
